Determining if the pthread_create exist failed with the following output:
Change Dir: /home/gfox/git_repos/ardu-bot/nix_with_ros/build/CMakeFiles/CMakeTmp

Run Build Command:"/usr/bin/make" "cmTC_bcdfb/fast"
/usr/bin/make -f CMakeFiles/cmTC_bcdfb.dir/build.make CMakeFiles/cmTC_bcdfb.dir/build
make[1]: Entering directory '/home/gfox/git_repos/ardu-bot/nix_with_ros/build/CMakeFiles/CMakeTmp'
Building C object CMakeFiles/cmTC_bcdfb.dir/CheckSymbolExists.c.o
/usr/bin/cc    -o CMakeFiles/cmTC_bcdfb.dir/CheckSymbolExists.c.o   -c /home/gfox/git_repos/ardu-bot/nix_with_ros/build/CMakeFiles/CMakeTmp/CheckSymbolExists.c
Linking C executable cmTC_bcdfb
/usr/bin/cmake -E cmake_link_script CMakeFiles/cmTC_bcdfb.dir/link.txt --verbose=1
/usr/bin/cc      -rdynamic CMakeFiles/cmTC_bcdfb.dir/CheckSymbolExists.c.o  -o cmTC_bcdfb 
CMakeFiles/cmTC_bcdfb.dir/CheckSymbolExists.c.o: In function `main':
CheckSymbolExists.c:(.text+0x1b): undefined reference to `pthread_create'
collect2: error: ld returned 1 exit status
CMakeFiles/cmTC_bcdfb.dir/build.make:97: recipe for target 'cmTC_bcdfb' failed
make[1]: *** [cmTC_bcdfb] Error 1
make[1]: Leaving directory '/home/gfox/git_repos/ardu-bot/nix_with_ros/build/CMakeFiles/CMakeTmp'
Makefile:126: recipe for target 'cmTC_bcdfb/fast' failed
make: *** [cmTC_bcdfb/fast] Error 2

File /home/gfox/git_repos/ardu-bot/nix_with_ros/build/CMakeFiles/CMakeTmp/CheckSymbolExists.c:
/* */
#include <pthread.h>

int main(int argc, char** argv)
{
  (void)argv;
#ifndef pthread_create
  return ((int*)(&pthread_create))[argc];
#else
  (void)argc;
  return 0;
#endif
}

Determining if the function pthread_create exists in the pthreads failed with the following output:
Change Dir: /home/gfox/git_repos/ardu-bot/nix_with_ros/build/CMakeFiles/CMakeTmp

Run Build Command:"/usr/bin/make" "cmTC_ec85e/fast"
/usr/bin/make -f CMakeFiles/cmTC_ec85e.dir/build.make CMakeFiles/cmTC_ec85e.dir/build
make[1]: Entering directory '/home/gfox/git_repos/ardu-bot/nix_with_ros/build/CMakeFiles/CMakeTmp'
Building C object CMakeFiles/cmTC_ec85e.dir/CheckFunctionExists.c.o
/usr/bin/cc   -DCHECK_FUNCTION_EXISTS=pthread_create   -o CMakeFiles/cmTC_ec85e.dir/CheckFunctionExists.c.o   -c /usr/share/cmake-3.10/Modules/CheckFunctionExists.c
Linking C executable cmTC_ec85e
/usr/bin/cmake -E cmake_link_script CMakeFiles/cmTC_ec85e.dir/link.txt --verbose=1
/usr/bin/cc  -DCHECK_FUNCTION_EXISTS=pthread_create    -rdynamic CMakeFiles/cmTC_ec85e.dir/CheckFunctionExists.c.o  -o cmTC_ec85e -lpthreads 
/usr/bin/ld: cannot find -lpthreads
collect2: error: ld returned 1 exit status
CMakeFiles/cmTC_ec85e.dir/build.make:97: recipe for target 'cmTC_ec85e' failed
make[1]: *** [cmTC_ec85e] Error 1
make[1]: Leaving directory '/home/gfox/git_repos/ardu-bot/nix_with_ros/build/CMakeFiles/CMakeTmp'
Makefile:126: recipe for target 'cmTC_ec85e/fast' failed
make: *** [cmTC_ec85e/fast] Error 2


